<?xml version="1.0" encoding="UTF-8"?>
<testng-results skipped="0" failed="0" total="1" passed="1">
  <reporter-output>
  </reporter-output>
  <suite name="SeleniumStuff.NewTest" duration-ms="65" started-at="2018-03-21T15:17:54Z" finished-at="2018-03-21T15:17:54Z">
    <groups>
    </groups>
    <test name="Command line test" duration-ms="65" started-at="2018-03-21T15:17:54Z" finished-at="2018-03-21T15:17:54Z">
      <class name="SeleniumStuff.NewTest">
        <test-method status="PASS" signature="Test1()[pri:0, instance:SeleniumStuff.NewTest@340f438e]" name="Test1" duration-ms="28" started-at="2018-03-21T20:47:54Z" finished-at="2018-03-21T20:47:54Z">
          <reporter-output>
          </reporter-output>
        </test-method> <!-- Test1 -->
      </class> <!-- SeleniumStuff.NewTest -->
    </test> <!-- Command line test -->
  </suite> <!-- SeleniumStuff.NewTest -->
</testng-results>
