<?xml version="1.0" encoding="UTF-8"?>
<testng-results skipped="0" failed="0" total="1" passed="1">
  <reporter-output>
  </reporter-output>
  <suite name="Sample Test Suite" duration-ms="116" started-at="2018-03-21T15:15:02Z" finished-at="2018-03-21T15:15:02Z">
    <groups>
    </groups>
    <test name="Method Test Cases" duration-ms="116" started-at="2018-03-21T15:15:02Z" finished-at="2018-03-21T15:15:02Z">
      <class name="SeleniumStuff.NewTest">
        <test-method status="PASS" signature="Test1()[pri:0, instance:SeleniumStuff.NewTest@7c0e2abd]" name="Test1" duration-ms="49" started-at="2018-03-21T20:45:02Z" finished-at="2018-03-21T20:45:02Z">
          <reporter-output>
          </reporter-output>
        </test-method> <!-- Test1 -->
      </class> <!-- SeleniumStuff.NewTest -->
    </test> <!-- Method Test Cases -->
  </suite> <!-- Sample Test Suite -->
</testng-results>
